d:\software\vs2022\public-project\gacha\x64\release\vc143.pdb
d:\software\vs2022\public-project\gacha\x64\release\video.obj
d:\software\vs2022\public-project\gacha\x64\release\vector.obj
d:\software\vs2022\public-project\gacha\x64\release\main.obj
d:\software\vs2022\public-project\gacha\x64\release\image.obj
d:\software\vs2022\public-project\gacha\x64\release\gameloop.obj
d:\software\vs2022\public-project\gacha\x64\release\gamedata.obj
d:\software\vs2022\public-project\gacha\x64\release\gachascene.obj
d:\software\vs2022\public-project\gacha\x64\release\characterdatabase.obj
d:\software\vs2022\public-project\gacha\x64\release\btn.obj
d:\software\vs2022\public-project\gacha\x64\release\gacha.exe
d:\software\vs2022\public-project\gacha\x64\release\gacha.pdb
d:\software\vs2022\public-project\gacha\x64\release\gacha.ipdb
d:\software\vs2022\public-project\gacha\x64\release\gacha.iobj
d:\software\vs2022\public-project\gacha\x64\release\gacha.tlog\cl.command.1.tlog
d:\software\vs2022\public-project\gacha\x64\release\gacha.tlog\cl.items.tlog
d:\software\vs2022\public-project\gacha\x64\release\gacha.tlog\cl.read.1.tlog
d:\software\vs2022\public-project\gacha\x64\release\gacha.tlog\cl.write.1.tlog
d:\software\vs2022\public-project\gacha\x64\release\gacha.tlog\link.command.1.tlog
d:\software\vs2022\public-project\gacha\x64\release\gacha.tlog\link.read.1.tlog
d:\software\vs2022\public-project\gacha\x64\release\gacha.tlog\link.write.1.tlog
d:\software\vs2022\public-project\gacha\x64\release\gacha.tlog\link.write.2u.tlog
